Using pre-set license
Built from '2021.3/staging' branch; Version is '2021.3.22f1 (b6c551784ba3) revision 11978065'; Using compiler version '192829333'; Build Type 'Release'
OS: 'Windows 10  (10.0.18362) 64bit Professional' Language: 'en' Physical Memory: 16343 MB
BatchMode: 1, IsHumanControllingUs: 0, StartBugReporterOnCrash: 0, Is64bit: 1, IsPro: 1

COMMAND LINE ARGUMENTS:
C:\Program Files\Unity\Hub\Editor\2021.3.22f1\Editor\Unity.exe
-adb2
-batchMode
-noUpm
-name
AssetImportWorker0
-projectPath
E:/Project/MedicalSimulation
-logFile
Logs/AssetImportWorker0.log
-srvPort
49942
Successfully changed project path to: E:/Project/MedicalSimulation
E:/Project/MedicalSimulation
[UnityMemory] Configuration Parameters - Can be set up in boot.config
    "memorysetup-bucket-allocator-granularity=16"
    "memorysetup-bucket-allocator-bucket-count=8"
    "memorysetup-bucket-allocator-block-size=33554432"
    "memorysetup-bucket-allocator-block-count=8"
    "memorysetup-main-allocator-block-size=16777216"
    "memorysetup-thread-allocator-block-size=16777216"
    "memorysetup-gfx-main-allocator-block-size=16777216"
    "memorysetup-gfx-thread-allocator-block-size=16777216"
    "memorysetup-cache-allocator-block-size=4194304"
    "memorysetup-typetree-allocator-block-size=2097152"
    "memorysetup-profiler-bucket-allocator-granularity=16"
    "memorysetup-profiler-bucket-allocator-bucket-count=8"
    "memorysetup-profiler-bucket-allocator-block-size=33554432"
    "memorysetup-profiler-bucket-allocator-block-count=8"
    "memorysetup-profiler-allocator-block-size=16777216"
    "memorysetup-profiler-editor-allocator-block-size=1048576"
    "memorysetup-temp-allocator-size-main=16777216"
    "memorysetup-job-temp-allocator-block-size=2097152"
    "memorysetup-job-temp-allocator-block-size-background=1048576"
    "memorysetup-job-temp-allocator-reduction-small-platforms=262144"
    "memorysetup-temp-allocator-size-background-worker=32768"
    "memorysetup-temp-allocator-size-job-worker=262144"
    "memorysetup-temp-allocator-size-preload-manager=33554432"
    "memorysetup-temp-allocator-size-nav-mesh-worker=65536"
    "memorysetup-temp-allocator-size-audio-worker=65536"
    "memorysetup-temp-allocator-size-cloud-worker=32768"
    "memorysetup-temp-allocator-size-gi-baking-worker=262144"
    "memorysetup-temp-allocator-size-gfx=262144"
Player connection [2280] Host "[IP] 192.168.56.1 [Port] 0 [Flags] 2 [Guid] 2480429289 [EditorId] 2480429289 [Version] 1048832 [Id] WindowsEditor(7,DESKTOP-L2AT6A8) [Debug] 1 [PackageName] WindowsEditor [ProjectName] Editor" joined multi-casting on [225.0.0.222:54997]...

Player connection [2280] Host "[IP] 192.168.56.1 [Port] 0 [Flags] 2 [Guid] 2480429289 [EditorId] 2480429289 [Version] 1048832 [Id] WindowsEditor(7,DESKTOP-L2AT6A8) [Debug] 1 [PackageName] WindowsEditor [ProjectName] Editor" joined alternative multi-casting on [225.0.0.222:34997]...

Refreshing native plugins compatible for Editor in 107.13 ms, found 3 plugins.
Preloading 0 native plugins for Editor in 0.00 ms.
Initialize engine version: 2021.3.22f1 (b6c551784ba3)
[Subsystems] Discovering subsystems at path C:/Program Files/Unity/Hub/Editor/2021.3.22f1/Editor/Data/Resources/UnitySubsystems
[Subsystems] Discovering subsystems at path E:/Project/MedicalSimulation/Assets
GfxDevice: creating device client; threaded=0; jobified=0
Direct3D:
    Version:  Direct3D 11.0 [level 11.1]
    Renderer: NVIDIA GeForce GTX 1060 6GB (ID=0x1c03)
    Vendor:   NVIDIA
    VRAM:     6052 MB
    Driver:   30.0.15.1295
Initialize mono
Mono path[0] = 'C:/Program Files/Unity/Hub/Editor/2021.3.22f1/Editor/Data/Managed'
Mono path[1] = 'C:/Program Files/Unity/Hub/Editor/2021.3.22f1/Editor/Data/MonoBleedingEdge/lib/mono/unityjit-win32'
Mono config path = 'C:/Program Files/Unity/Hub/Editor/2021.3.22f1/Editor/Data/MonoBleedingEdge/etc'
Using monoOptions --debugger-agent=transport=dt_socket,embedding=1,server=y,suspend=n,address=127.0.0.1:56672
Begin MonoManager ReloadAssembly
Registering precompiled unity dll's ...
Register platform support module: C:/Program Files/Unity/Hub/Editor/2021.3.22f1/Editor/Data/PlaybackEngines/WebGLSupport/UnityEditor.WebGL.Extensions.dll
Register platform support module: C:/Program Files/Unity/Hub/Editor/2021.3.22f1/Editor/Data/PlaybackEngines/AndroidPlayer/UnityEditor.Android.Extensions.dll
Register platform support module: C:/Program Files/Unity/Hub/Editor/2021.3.22f1/Editor/Data/PlaybackEngines/iOSSupport/UnityEditor.iOS.Extensions.dll
Register platform support module: C:/Program Files/Unity/Hub/Editor/2021.3.22f1/Editor/Data/PlaybackEngines/WindowsStandaloneSupport/UnityEditor.WindowsStandalone.Extensions.dll
Registered in 0.009235 seconds.
Native extension for WindowsStandalone target not found
[usbmuxd] Start listen thread
[usbmuxd] Listen thread started
Native extension for iOS target not found
Native extension for Android target not found
Android Extension - Scanning For ADB Devices 413 ms
Native extension for WebGL target not found
Refreshing native plugins compatible for Editor in 103.61 ms, found 3 plugins.
Preloading 0 native plugins for Editor in 0.00 ms.
Mono: successfully reloaded assembly
- Completed reload, in  1.736 seconds
Domain Reload Profiling:
	ReloadAssembly (1737ms)
		BeginReloadAssembly (111ms)
			ExecutionOrderSort (0ms)
			DisableScriptedObjects (0ms)
			BackupInstance (0ms)
			ReleaseScriptingObjects (0ms)
			CreateAndSetChildDomain (1ms)
		EndReloadAssembly (1326ms)
			LoadAssemblies (109ms)
			RebuildTransferFunctionScriptingTraits (0ms)
			SetupTypeCache (396ms)
			ReleaseScriptCaches (0ms)
			RebuildScriptCaches (34ms)
			SetupLoadedEditorAssemblies (834ms)
				LogAssemblyErrors (0ms)
				InitializePlatformSupportModulesInManaged (553ms)
				SetLoadedEditorAssemblies (0ms)
				RefreshPlugins (104ms)
				BeforeProcessingInitializeOnLoad (1ms)
				ProcessInitializeOnLoadAttributes (115ms)
				ProcessInitializeOnLoadMethodAttributes (60ms)
				AfterProcessingInitializeOnLoad (0ms)
				EditorAssembliesLoaded (0ms)
			ExecutionOrderSort2 (0ms)
			AwakeInstancesAfterBackupRestoration (0ms)
Platform modules already initialized, skipping
Registering precompiled user dll's ...
Registered in 0.003209 seconds.
Begin MonoManager ReloadAssembly
Symbol file LoadedFromMemory doesn't match image E:\Project\MedicalSimulation\Library\PackageCache\com.unity.visualscripting@1.8.0\Editor\VisualScripting.Core\Dependencies\YamlDotNet\Unity.VisualScripting.YamlDotNet.dll
Symbol file LoadedFromMemory doesn't match image E:\Project\MedicalSimulation\Library\PackageCache\com.unity.visualscripting@1.8.0\Editor\VisualScripting.Core\Dependencies\DotNetZip\Unity.VisualScripting.IonicZip.dll
Native extension for WindowsStandalone target not found
Native extension for iOS target not found
Native extension for Android target not found
Native extension for WebGL target not found
Refreshing native plugins compatible for Editor in 0.58 ms, found 3 plugins.
Preloading 0 native plugins for Editor in 0.00 ms.
Mono: successfully reloaded assembly
- Completed reload, in  5.816 seconds
Domain Reload Profiling:
	ReloadAssembly (5817ms)
		BeginReloadAssembly (139ms)
			ExecutionOrderSort (0ms)
			DisableScriptedObjects (8ms)
			BackupInstance (0ms)
			ReleaseScriptingObjects (0ms)
			CreateAndSetChildDomain (23ms)
		EndReloadAssembly (5491ms)
			LoadAssemblies (3704ms)
			RebuildTransferFunctionScriptingTraits (0ms)
			SetupTypeCache (765ms)
			ReleaseScriptCaches (2ms)
			RebuildScriptCaches (122ms)
			SetupLoadedEditorAssemblies (705ms)
				LogAssemblyErrors (0ms)
				InitializePlatformSupportModulesInManaged (47ms)
				SetLoadedEditorAssemblies (1ms)
				RefreshPlugins (1ms)
				BeforeProcessingInitializeOnLoad (140ms)
				ProcessInitializeOnLoadAttributes (483ms)
				ProcessInitializeOnLoadMethodAttributes (26ms)
				AfterProcessingInitializeOnLoad (8ms)
				EditorAssembliesLoaded (0ms)
			ExecutionOrderSort2 (0ms)
			AwakeInstancesAfterBackupRestoration (7ms)
Platform modules already initialized, skipping
========================================================================
Worker process is ready to serve import requests
Launched and connected shader compiler UnityShaderCompiler.exe after 0.09 seconds
Refreshing native plugins compatible for Editor in 0.48 ms, found 3 plugins.
Preloading 0 native plugins for Editor in 0.00 ms.
Unloading 3047 Unused Serialized files (Serialized files now loaded: 0)
Unloading 24 unused Assets / (113.3 KB). Loaded Objects now: 3509.
Memory consumption went from 107.6 MB to 107.5 MB.
Total: 4.045500 ms (FindLiveObjects: 0.255900 ms CreateObjectMapping: 0.211800 ms MarkObjects: 3.440000 ms  DeleteObjects: 0.136700 ms)

AssetImportParameters requested are different than current active one (requested -> active):
  custom:video-decoder-ogg-theora: a1e56fd34408186e4bbccfd4996cb3dc -> 
  custom:container-muxer-webm: aa71ff27fc2769a1b78a27578f13a17b -> 
  custom:container-demuxer-webm: 4f35f7cbe854078d1ac9338744f61a02 -> 
  custom:video-encoder-webm-vp8: eb34c28f22e8b96e1ab97ce403110664 -> 
  custom:audio-encoder-webm-vorbis: bf7c407c2cedff20999df2af8eb42d56 -> 
  custom:framework-win-MediaFoundation: 216162199b28c13a410421893ffa2e32 -> 
  custom:container-demuxer-ogg: 62fdf1f143b41e24485cea50d1cbac27 -> 
  custom:video-decoder-webm-vp8: 9c59270c3fd7afecdb556c50c9e8de78 -> 
  custom:audio-decoder-ogg-vorbis: bf7c407c2cedff20999df2af8eb42d56 -> 
========================================================================
Received Import Request.
  Time since last request: 4371.913504 seconds.
  path: Assets/WhatsApp Image 2024-03-05 at 5.52.11 PM.jpeg
  artifactKey: Guid(f0531712088af26448cac69ebe63c466) Importer(815301076,1909f56bfc062723c751e8b465ee728b)
Start importing Assets/WhatsApp Image 2024-03-05 at 5.52.11 PM.jpeg using Guid(f0531712088af26448cac69ebe63c466) Importer(815301076,1909f56bfc062723c751e8b465ee728b)  -> (artifact id: '7636ba59873b1fc47eaeeaf5a4bd3454') in 0.190356 seconds 
========================================================================
Received Import Request.
  Time since last request: 74.658250 seconds.
  path: Assets/WhatsApp_Image_2024-03-05_at_5.52.11_PM-removebg-preview.png
  artifactKey: Guid(e23d4ff654ce3c84bb911e09401235f4) Importer(815301076,1909f56bfc062723c751e8b465ee728b)
Start importing Assets/WhatsApp_Image_2024-03-05_at_5.52.11_PM-removebg-preview.png using Guid(e23d4ff654ce3c84bb911e09401235f4) Importer(815301076,1909f56bfc062723c751e8b465ee728b)  -> (artifact id: '2136a008e4d4ceff2696038d84cb4b2b') in 0.019116 seconds 
========================================================================
Received Import Request.
  Time since last request: 5.423676 seconds.
  path: Assets/WhatsApp_Image_2024-03-05_at_5.52.11_PM-removebg-preview.png
  artifactKey: Guid(e23d4ff654ce3c84bb911e09401235f4) Importer(815301076,1909f56bfc062723c751e8b465ee728b)
Start importing Assets/WhatsApp_Image_2024-03-05_at_5.52.11_PM-removebg-preview.png using Guid(e23d4ff654ce3c84bb911e09401235f4) Importer(815301076,1909f56bfc062723c751e8b465ee728b)  -> (artifact id: 'a0f4f6b22fe8a90a1bc6fc3e3ec7ac1b') in 0.056865 seconds 
========================================================================
Received Import Request.
  Time since last request: 346.996842 seconds.
  path: Assets/Human.png
  artifactKey: Guid(e23d4ff654ce3c84bb911e09401235f4) Importer(815301076,1909f56bfc062723c751e8b465ee728b)
Start importing Assets/Human.png using Guid(e23d4ff654ce3c84bb911e09401235f4) Importer(815301076,1909f56bfc062723c751e8b465ee728b)  -> (artifact id: 'cc0cd723ba1794beb1332ad1f9cbff46') in 0.035219 seconds 
========================================================================
Received Import Request.
  Time since last request: 32.838853 seconds.
  path: Assets/WhatsApp Image 2024-03-05 at 7.03.12 PM.jpeg
  artifactKey: Guid(6c5868ac78fd7eb49835ffa95b350bdc) Importer(815301076,1909f56bfc062723c751e8b465ee728b)
Start importing Assets/WhatsApp Image 2024-03-05 at 7.03.12 PM.jpeg using Guid(6c5868ac78fd7eb49835ffa95b350bdc) Importer(815301076,1909f56bfc062723c751e8b465ee728b)  -> (artifact id: 'ee08b495dc864f5b284da0575d0925bc') in 0.017313 seconds 
========================================================================
Received Import Request.
  Time since last request: 964.272996 seconds.
  path: Assets/WhatsApp_Image_2024-03-05_at_5.52.11_PM-removebg-preview.png
  artifactKey: Guid(90ee79fd8e18c0d40beb04cabfdfed4e) Importer(815301076,1909f56bfc062723c751e8b465ee728b)
Start importing Assets/WhatsApp_Image_2024-03-05_at_5.52.11_PM-removebg-preview.png using Guid(90ee79fd8e18c0d40beb04cabfdfed4e) Importer(815301076,1909f56bfc062723c751e8b465ee728b)  -> (artifact id: '5f2dde5eeae488e7ac10c63b7caaafa6') in 0.025777 seconds 
========================================================================
Received Import Request.
  Time since last request: 648.638153 seconds.
  path: Assets/WhatsApp_Image_2024-03-05_at_7.03.12_PM-removebg-preview.png
  artifactKey: Guid(615c464368d844946829dcb91930dbd6) Importer(815301076,1909f56bfc062723c751e8b465ee728b)
Start importing Assets/WhatsApp_Image_2024-03-05_at_7.03.12_PM-removebg-preview.png using Guid(615c464368d844946829dcb91930dbd6) Importer(815301076,1909f56bfc062723c751e8b465ee728b)  -> (artifact id: '6868fa48bf0ad121fad7070c2a57eae9') in 0.030567 seconds 
========================================================================
Received Import Request.
  Time since last request: 5.188206 seconds.
  path: Assets/WhatsApp_Image_2024-03-05_at_7.03.12_PM-removebg-preview.png
  artifactKey: Guid(615c464368d844946829dcb91930dbd6) Importer(815301076,1909f56bfc062723c751e8b465ee728b)
Start importing Assets/WhatsApp_Image_2024-03-05_at_7.03.12_PM-removebg-preview.png using Guid(615c464368d844946829dcb91930dbd6) Importer(815301076,1909f56bfc062723c751e8b465ee728b)  -> (artifact id: '5b3c130c1a610f10b0b89030c2d2b7d8') in 0.052220 seconds 
========================================================================
Received Import Request.
  Time since last request: 6.581315 seconds.
  path: Assets/Virus.png
  artifactKey: Guid(615c464368d844946829dcb91930dbd6) Importer(815301076,1909f56bfc062723c751e8b465ee728b)
Start importing Assets/Virus.png using Guid(615c464368d844946829dcb91930dbd6) Importer(815301076,1909f56bfc062723c751e8b465ee728b)  -> (artifact id: 'bed6bcf073ffd53c2a7a6f52d3b88ad5') in 0.053995 seconds 
========================================================================
Received Import Request.
  Time since last request: 2276.027159 seconds.
  path: Assets/pngtree-microscopic-character-cute-cell-sticker-icon-isolated-cartoon-illustrious-vector-png-image_12165051.png
  artifactKey: Guid(85b9b52bb657cc24e8ae1899be60f323) Importer(815301076,1909f56bfc062723c751e8b465ee728b)
Start importing Assets/pngtree-microscopic-character-cute-cell-sticker-icon-isolated-cartoon-illustrious-vector-png-image_12165051.png using Guid(85b9b52bb657cc24e8ae1899be60f323) Importer(815301076,1909f56bfc062723c751e8b465ee728b)  -> (artifact id: 'fe5cf1f7868912322651024562151b26') in 0.061298 seconds 
========================================================================
Received Import Request.
  Time since last request: 6.654233 seconds.
  path: Assets/pngtree-microscopic-character-cute-cell-sticker-icon-isolated-cartoon-illustrious-vector-png-image_12165051.png
  artifactKey: Guid(85b9b52bb657cc24e8ae1899be60f323) Importer(815301076,1909f56bfc062723c751e8b465ee728b)
Start importing Assets/pngtree-microscopic-character-cute-cell-sticker-icon-isolated-cartoon-illustrious-vector-png-image_12165051.png using Guid(85b9b52bb657cc24e8ae1899be60f323) Importer(815301076,1909f56bfc062723c751e8b465ee728b)  -> (artifact id: 'df2542962e70375a344bf8ef49199398') in 0.119938 seconds 
========================================================================
Received Import Request.
  Time since last request: 74.046845 seconds.
  path: Assets/pngtree-microscopic-character-cute-cell-sticker-icon-isolated-cartoon-illustrious-vector-png-image_12165051-removebg-preview (1).png
  artifactKey: Guid(ccf1497d1cb4c0b43aaaab1125a62261) Importer(815301076,1909f56bfc062723c751e8b465ee728b)
Start importing Assets/pngtree-microscopic-character-cute-cell-sticker-icon-isolated-cartoon-illustrious-vector-png-image_12165051-removebg-preview (1).png using Guid(ccf1497d1cb4c0b43aaaab1125a62261) Importer(815301076,1909f56bfc062723c751e8b465ee728b)  -> (artifact id: 'e7ff8ccbdee24924292731281144c979') in 0.066476 seconds 
========================================================================
Received Import Request.
  Time since last request: 6.606016 seconds.
  path: Assets/pngtree-microscopic-character-cute-cell-sticker-icon-isolated-cartoon-illustrious-vector-png-image_12165051-removebg-preview (1).png
  artifactKey: Guid(ccf1497d1cb4c0b43aaaab1125a62261) Importer(815301076,1909f56bfc062723c751e8b465ee728b)
Start importing Assets/pngtree-microscopic-character-cute-cell-sticker-icon-isolated-cartoon-illustrious-vector-png-image_12165051-removebg-preview (1).png using Guid(ccf1497d1cb4c0b43aaaab1125a62261) Importer(815301076,1909f56bfc062723c751e8b465ee728b)  -> (artifact id: '09892cd7ee044bac5400783ac038d6bb') in 0.063181 seconds 
========================================================================
Received Import Request.
  Time since last request: 115.533339 seconds.
  path: Assets/Capture-removebg-preview (5).png
  artifactKey: Guid(16e5c59bb982e0849934937bb62323f3) Importer(815301076,1909f56bfc062723c751e8b465ee728b)
Start importing Assets/Capture-removebg-preview (5).png using Guid(16e5c59bb982e0849934937bb62323f3) Importer(815301076,1909f56bfc062723c751e8b465ee728b)  -> (artifact id: '6dd92cd96673fe7a9578db079ede51ba') in 0.062580 seconds 
========================================================================
Received Import Request.
  Time since last request: 5.946751 seconds.
  path: Assets/Capture-removebg-preview (5).png
  artifactKey: Guid(16e5c59bb982e0849934937bb62323f3) Importer(815301076,1909f56bfc062723c751e8b465ee728b)
Start importing Assets/Capture-removebg-preview (5).png using Guid(16e5c59bb982e0849934937bb62323f3) Importer(815301076,1909f56bfc062723c751e8b465ee728b)  -> (artifact id: '02bfe6c33a72a0499d6f252f0e357e5d') in 0.062293 seconds 
========================================================================
Received Import Request.
  Time since last request: 198.881219 seconds.
  path: Assets/WhatsApp_Image_2024-03-05_at_7.02.44_PM-removebg-preview.png
  artifactKey: Guid(cf7aec44f3fdf3947adccbf398267da4) Importer(815301076,1909f56bfc062723c751e8b465ee728b)
Start importing Assets/WhatsApp_Image_2024-03-05_at_7.02.44_PM-removebg-preview.png using Guid(cf7aec44f3fdf3947adccbf398267da4) Importer(815301076,1909f56bfc062723c751e8b465ee728b)  -> (artifact id: 'fc75f12b6a5e9c393b42015bf30aa0ef') in 0.188484 seconds 
========================================================================
Received Import Request.
  Time since last request: 0.791066 seconds.
  path: Assets/Kidney Cancer Diagnosis and Surgery Selection by Machine 2023.pdf
  artifactKey: Guid(a0ed6b14ecfd00f4591577e3d95bd148) Importer(815301076,1909f56bfc062723c751e8b465ee728b)
Start importing Assets/Kidney Cancer Diagnosis and Surgery Selection by Machine 2023.pdf using Guid(a0ed6b14ecfd00f4591577e3d95bd148) Importer(815301076,1909f56bfc062723c751e8b465ee728b)  -> (artifact id: 'bfabf1f180ffcad22e5cc9d44250814a') in 0.028092 seconds 
========================================================================
Received Import Request.
  Time since last request: 9.179749 seconds.
  path: Assets/WhatsApp_Image_2024-03-05_at_7.02.44_PM-removebg-preview.png
  artifactKey: Guid(cf7aec44f3fdf3947adccbf398267da4) Importer(815301076,1909f56bfc062723c751e8b465ee728b)
Start importing Assets/WhatsApp_Image_2024-03-05_at_7.02.44_PM-removebg-preview.png using Guid(cf7aec44f3fdf3947adccbf398267da4) Importer(815301076,1909f56bfc062723c751e8b465ee728b)  -> (artifact id: 'abaaf5beb7e939fd8941ae2deb5b99ec') in 0.055513 seconds 
========================================================================
Received Import Request.
  Time since last request: 21.864160 seconds.
  path: Assets/WhatsApp_Image_2024-03-05_at_7.02.44_PM-removebg-preview (1).png
  artifactKey: Guid(6cb7d3031b41f8f4e8c4082c0b74a6c8) Importer(815301076,1909f56bfc062723c751e8b465ee728b)
Start importing Assets/WhatsApp_Image_2024-03-05_at_7.02.44_PM-removebg-preview (1).png using Guid(6cb7d3031b41f8f4e8c4082c0b74a6c8) Importer(815301076,1909f56bfc062723c751e8b465ee728b)  -> (artifact id: 'e63dc34d0e2d0de502f668c2c1d76466') in 0.047174 seconds 
========================================================================
Received Import Request.
  Time since last request: 7.745630 seconds.
  path: Assets/WhatsApp_Image_2024-03-05_at_7.02.44_PM-removebg-preview (1).png
  artifactKey: Guid(6cb7d3031b41f8f4e8c4082c0b74a6c8) Importer(815301076,1909f56bfc062723c751e8b465ee728b)
Start importing Assets/WhatsApp_Image_2024-03-05_at_7.02.44_PM-removebg-preview (1).png using Guid(6cb7d3031b41f8f4e8c4082c0b74a6c8) Importer(815301076,1909f56bfc062723c751e8b465ee728b)  -> (artifact id: '9fdc4cfe0bd0a210ceb8c2b55a7a992c') in 0.056604 seconds 
========================================================================
Received Import Request.
  Time since last request: 64.047616 seconds.
  path: Assets/WhatsApp Image 2024-03-05 at 7.02.44 PM (1).jpeg
  artifactKey: Guid(24d08023beb18bd4bacc38fcded19649) Importer(815301076,1909f56bfc062723c751e8b465ee728b)
Start importing Assets/WhatsApp Image 2024-03-05 at 7.02.44 PM (1).jpeg using Guid(24d08023beb18bd4bacc38fcded19649) Importer(815301076,1909f56bfc062723c751e8b465ee728b)  -> (artifact id: 'b17689aff648b3017abc5397f8bcc895') in 0.122497 seconds 
